{"/Users/agiammarchi/git/query-result/cjs/index.js":{"path":"/Users/agiammarchi/git/query-result/cjs/index.js","s":{"1":1,"2":1,"3":1,"4":2,"5":2,"6":3,"7":3,"8":2,"9":2,"10":1,"11":1,"12":2,"13":2,"14":1,"15":1,"16":10,"17":2,"18":6,"19":2,"20":2,"21":2,"22":2,"23":2,"24":2,"25":2,"26":2,"27":2,"28":2,"29":1,"30":1,"31":2,"32":1,"33":1,"34":3,"35":1,"36":2,"37":2,"38":2,"39":2,"40":4,"41":4,"42":4,"43":4,"44":4,"45":4,"46":1},"b":{"1":[2,1],"2":[1,1],"3":[2,6,2],"4":[5,1],"5":[6,3],"6":[1,1],"7":[2,2,1]},"f":{"1":2,"2":2,"3":4,"4":4},"fnMap":{"1":{"name":"(anonymous_1)","line":46,"loc":{"start":{"line":46,"column":36},"end":{"line":46,"column":44}}},"2":{"name":"dispatch","line":66,"loc":{"start":{"line":66,"column":21},"end":{"line":66,"column":56}}},"3":{"name":"off","line":71,"loc":{"start":{"line":71,"column":15},"end":{"line":71,"column":60}}},"4":{"name":"on","line":75,"loc":{"start":{"line":75,"column":14},"end":{"line":75,"column":58}}}},"statementMap":{"1":{"start":{"line":19,"column":0},"end":{"line":19,"column":20}},"2":{"start":{"line":20,"column":0},"end":{"line":20,"column":46}},"3":{"start":{"line":22,"column":0},"end":{"line":34,"column":2}},"4":{"start":{"line":23,"column":2},"end":{"line":23,"column":19}},"5":{"start":{"line":24,"column":2},"end":{"line":32,"column":3}},"6":{"start":{"line":25,"column":4},"end":{"line":25,"column":27}},"7":{"start":{"line":26,"column":4},"end":{"line":31,"column":25}},"8":{"start":{"line":27,"column":6},"end":{"line":27,"column":54}},"9":{"start":{"line":28,"column":6},"end":{"line":28,"column":33}},"10":{"start":{"line":28,"column":16},"end":{"line":28,"column":33}},"11":{"start":{"line":30,"column":6},"end":{"line":31,"column":25}},"12":{"start":{"line":31,"column":8},"end":{"line":31,"column":25}},"13":{"start":{"line":33,"column":2},"end":{"line":33,"column":35}},"14":{"start":{"line":35,"column":0},"end":{"line":35,"column":32}},"15":{"start":{"line":36,"column":0},"end":{"line":61,"column":2}},"16":{"start":{"line":38,"column":4},"end":{"line":57,"column":5}},"17":{"start":{"line":39,"column":21},"end":{"line":39,"column":59}},"18":{"start":{"line":40,"column":21},"end":{"line":42,"column":8}},"19":{"start":{"line":44,"column":8},"end":{"line":44,"column":34}},"20":{"start":{"line":45,"column":8},"end":{"line":45,"column":46}},"21":{"start":{"line":46,"column":8},"end":{"line":50,"column":11}},"22":{"start":{"line":47,"column":10},"end":{"line":47,"column":51}},"23":{"start":{"line":48,"column":10},"end":{"line":48,"column":37}},"24":{"start":{"line":49,"column":10},"end":{"line":49,"column":21}},"25":{"start":{"line":51,"column":8},"end":{"line":51,"column":48}},"26":{"start":{"line":52,"column":8},"end":{"line":52,"column":34}},"27":{"start":{"line":53,"column":8},"end":{"line":53,"column":37}},"28":{"start":{"line":54,"column":8},"end":{"line":55,"column":65}},"29":{"start":{"line":55,"column":10},"end":{"line":55,"column":65}},"30":{"start":{"line":55,"column":27},"end":{"line":55,"column":63}},"31":{"start":{"line":56,"column":8},"end":{"line":56,"column":17}},"32":{"start":{"line":60,"column":22},"end":{"line":60,"column":53}},"33":{"start":{"line":62,"column":0},"end":{"line":65,"column":6}},"34":{"start":{"line":62,"column":28},"end":{"line":65,"column":4}},"35":{"start":{"line":66,"column":0},"end":{"line":78,"column":3}},"36":{"start":{"line":67,"column":2},"end":{"line":67,"column":44}},"37":{"start":{"line":68,"column":2},"end":{"line":68,"column":53}},"38":{"start":{"line":68,"column":27},"end":{"line":68,"column":53}},"39":{"start":{"line":69,"column":2},"end":{"line":69,"column":14}},"40":{"start":{"line":72,"column":2},"end":{"line":72,"column":76}},"41":{"start":{"line":72,"column":27},"end":{"line":72,"column":76}},"42":{"start":{"line":73,"column":2},"end":{"line":73,"column":14}},"43":{"start":{"line":76,"column":2},"end":{"line":76,"column":73}},"44":{"start":{"line":76,"column":27},"end":{"line":76,"column":73}},"45":{"start":{"line":77,"column":2},"end":{"line":77,"column":14}},"46":{"start":{"line":80,"column":0},"end":{"line":80,"column":72}}},"branchMap":{"1":{"line":26,"type":"if","locations":[{"start":{"line":26,"column":4},"end":{"line":26,"column":4}},{"start":{"line":26,"column":4},"end":{"line":26,"column":4}}]},"2":{"line":28,"type":"if","locations":[{"start":{"line":28,"column":6},"end":{"line":28,"column":6}},{"start":{"line":28,"column":6},"end":{"line":28,"column":6}}]},"3":{"line":38,"type":"switch","locations":[{"start":{"line":39,"column":6},"end":{"line":39,"column":59}},{"start":{"line":40,"column":6},"end":{"line":42,"column":8}},{"start":{"line":43,"column":6},"end":{"line":56,"column":17}}]},"4":{"line":41,"type":"cond-expr","locations":[{"start":{"line":41,"column":58},"end":{"line":41,"column":63}},{"start":{"line":41,"column":66},"end":{"line":41,"column":69}}]},"5":{"line":41,"type":"binary-expr","locations":[{"start":{"line":41,"column":13},"end":{"line":41,"column":30}},{"start":{"line":41,"column":34},"end":{"line":41,"column":54}}]},"6":{"line":54,"type":"if","locations":[{"start":{"line":54,"column":8},"end":{"line":54,"column":8}},{"start":{"line":54,"column":8},"end":{"line":54,"column":8}}]},"7":{"line":54,"type":"binary-expr","locations":[{"start":{"line":54,"column":12},"end":{"line":54,"column":28}},{"start":{"line":54,"column":33},"end":{"line":54,"column":48}},{"start":{"line":54,"column":52},"end":{"line":54,"column":84}}]}}}}