{"/Users/agiammarchi/git/query-result/cjs/index.js":{"path":"/Users/agiammarchi/git/query-result/cjs/index.js","s":{"1":1,"2":1,"3":1,"4":1,"5":1,"6":1,"7":1,"8":0,"9":0,"10":0,"11":0,"12":0,"13":0,"14":0,"15":0,"16":1,"17":15,"18":0,"19":0,"20":0,"21":1,"22":1,"23":2,"24":2,"25":2,"26":3,"27":3,"28":2,"29":2,"30":1,"31":1,"32":2,"33":1,"34":0,"35":0,"36":0,"37":0,"38":0,"39":1,"40":10,"41":2,"42":6,"43":6,"44":6,"45":6,"46":2,"47":2,"48":2,"49":2,"50":2,"51":2,"52":2,"53":2,"54":2,"55":2,"56":1,"57":1,"58":2,"59":1,"60":1,"61":3,"62":1,"63":2,"64":2,"65":2,"66":2,"67":2,"68":4,"69":4,"70":4,"71":4,"72":4,"73":4,"74":4,"75":4,"76":1},"b":{"1":[0,1],"2":[0,0],"3":[0,0],"4":[1,0],"5":[2,1],"6":[1,1],"7":[1,0],"8":[2,6,2],"9":[5,1],"10":[6,3],"11":[1,1],"12":[2,2,1]},"f":{"1":0,"2":10,"3":2,"4":2,"5":4,"6":4},"fnMap":{"1":{"name":"(anonymous_1)","line":33,"loc":{"start":{"line":33,"column":19},"end":{"line":33,"column":31}},"skip":true},"2":{"name":"$","line":76,"loc":{"start":{"line":76,"column":10},"end":{"line":76,"column":45}}},"3":{"name":"(anonymous_3)","line":88,"loc":{"start":{"line":88,"column":34},"end":{"line":88,"column":42}}},"4":{"name":"dispatch","line":105,"loc":{"start":{"line":105,"column":21},"end":{"line":105,"column":56}}},"5":{"name":"off","line":112,"loc":{"start":{"line":112,"column":15},"end":{"line":112,"column":60}}},"6":{"name":"on","line":118,"loc":{"start":{"line":118,"column":14},"end":{"line":118,"column":58}}}},"statementMap":{"1":{"start":{"line":20,"column":0},"end":{"line":20,"column":40}},"2":{"start":{"line":21,"column":0},"end":{"line":21,"column":27}},"3":{"start":{"line":22,"column":0},"end":{"line":22,"column":46}},"4":{"start":{"line":23,"column":0},"end":{"line":23,"column":20}},"5":{"start":{"line":24,"column":0},"end":{"line":24,"column":70}},"6":{"start":{"line":25,"column":0},"end":{"line":25,"column":34}},"7":{"start":{"line":28,"column":0},"end":{"line":39,"column":5}},"8":{"start":{"line":29,"column":2},"end":{"line":39,"column":5},"skip":true},"9":{"start":{"line":30,"column":4},"end":{"line":30,"column":59},"skip":true},"10":{"start":{"line":31,"column":4},"end":{"line":37,"column":5},"skip":true},"11":{"start":{"line":32,"column":6},"end":{"line":32,"column":28},"skip":true},"12":{"start":{"line":33,"column":6},"end":{"line":36,"column":8},"skip":true},"13":{"start":{"line":34,"column":8},"end":{"line":34,"column":49},"skip":true},"14":{"start":{"line":35,"column":8},"end":{"line":35,"column":64},"skip":true},"15":{"start":{"line":38,"column":4},"end":{"line":38,"column":36},"skip":true},"16":{"start":{"line":41,"column":0},"end":{"line":48,"column":4}},"17":{"start":{"line":42,"column":8},"end":{"line":42,"column":10}},"18":{"start":{"line":45,"column":4},"end":{"line":45,"column":28},"skip":true},"19":{"start":{"line":46,"column":4},"end":{"line":46,"column":31},"skip":true},"20":{"start":{"line":47,"column":4},"end":{"line":47,"column":15},"skip":true},"21":{"start":{"line":49,"column":0},"end":{"line":49,"column":21}},"22":{"start":{"line":50,"column":0},"end":{"line":62,"column":2}},"23":{"start":{"line":51,"column":2},"end":{"line":51,"column":19}},"24":{"start":{"line":52,"column":2},"end":{"line":52,"column":29}},"25":{"start":{"line":53,"column":2},"end":{"line":60,"column":3}},"26":{"start":{"line":54,"column":4},"end":{"line":54,"column":31}},"27":{"start":{"line":55,"column":4},"end":{"line":59,"column":57}},"28":{"start":{"line":56,"column":6},"end":{"line":56,"column":54}},"29":{"start":{"line":57,"column":6},"end":{"line":57,"column":39}},"30":{"start":{"line":57,"column":16},"end":{"line":57,"column":39}},"31":{"start":{"line":59,"column":6},"end":{"line":59,"column":57}},"32":{"start":{"line":61,"column":2},"end":{"line":61,"column":35}},"33":{"start":{"line":63,"column":0},"end":{"line":73,"column":3}},"34":{"start":{"line":68,"column":4},"end":{"line":68,"column":21},"skip":true},"35":{"start":{"line":69,"column":4},"end":{"line":69,"column":30},"skip":true},"36":{"start":{"line":70,"column":4},"end":{"line":71,"column":24},"skip":true},"37":{"start":{"line":71,"column":6},"end":{"line":71,"column":24},"skip":true},"38":{"start":{"line":72,"column":4},"end":{"line":72,"column":17},"skip":true},"39":{"start":{"line":76,"column":0},"end":{"line":100,"column":2}},"40":{"start":{"line":77,"column":2},"end":{"line":99,"column":3}},"41":{"start":{"line":78,"column":19},"end":{"line":78,"column":64}},"42":{"start":{"line":81,"column":6},"end":{"line":81,"column":23}},"43":{"start":{"line":82,"column":6},"end":{"line":82,"column":76}},"44":{"start":{"line":83,"column":6},"end":{"line":83,"column":36}},"45":{"start":{"line":84,"column":6},"end":{"line":84,"column":46}},"46":{"start":{"line":86,"column":6},"end":{"line":86,"column":32}},"47":{"start":{"line":87,"column":6},"end":{"line":87,"column":44}},"48":{"start":{"line":88,"column":6},"end":{"line":92,"column":9}},"49":{"start":{"line":89,"column":8},"end":{"line":89,"column":49}},"50":{"start":{"line":90,"column":8},"end":{"line":90,"column":35}},"51":{"start":{"line":91,"column":8},"end":{"line":91,"column":19}},"52":{"start":{"line":93,"column":6},"end":{"line":93,"column":46}},"53":{"start":{"line":94,"column":6},"end":{"line":94,"column":32}},"54":{"start":{"line":95,"column":6},"end":{"line":95,"column":35}},"55":{"start":{"line":96,"column":6},"end":{"line":97,"column":63}},"56":{"start":{"line":97,"column":8},"end":{"line":97,"column":63}},"57":{"start":{"line":97,"column":25},"end":{"line":97,"column":61}},"58":{"start":{"line":98,"column":6},"end":{"line":98,"column":15}},"59":{"start":{"line":101,"column":0},"end":{"line":101,"column":18}},"60":{"start":{"line":102,"column":0},"end":{"line":103,"column":71}},"61":{"start":{"line":103,"column":13},"end":{"line":103,"column":69}},"62":{"start":{"line":105,"column":0},"end":{"line":123,"column":3}},"63":{"start":{"line":106,"column":2},"end":{"line":106,"column":44}},"64":{"start":{"line":107,"column":2},"end":{"line":107,"column":29}},"65":{"start":{"line":108,"column":2},"end":{"line":109,"column":33}},"66":{"start":{"line":109,"column":4},"end":{"line":109,"column":33}},"67":{"start":{"line":110,"column":2},"end":{"line":110,"column":14}},"68":{"start":{"line":113,"column":2},"end":{"line":113,"column":29}},"69":{"start":{"line":114,"column":2},"end":{"line":115,"column":56}},"70":{"start":{"line":115,"column":4},"end":{"line":115,"column":56}},"71":{"start":{"line":116,"column":2},"end":{"line":116,"column":14}},"72":{"start":{"line":119,"column":2},"end":{"line":119,"column":29}},"73":{"start":{"line":120,"column":2},"end":{"line":121,"column":53}},"74":{"start":{"line":121,"column":4},"end":{"line":121,"column":53}},"75":{"start":{"line":122,"column":2},"end":{"line":122,"column":14}},"76":{"start":{"line":125,"column":0},"end":{"line":125,"column":72}}},"branchMap":{"1":{"line":28,"type":"if","locations":[{"start":{"line":28,"column":0},"end":{"line":28,"column":0},"skip":true},{"start":{"line":28,"column":0},"end":{"line":28,"column":0}}]},"2":{"line":31,"type":"if","locations":[{"start":{"line":31,"column":4},"end":{"line":31,"column":4},"skip":true},{"start":{"line":31,"column":4},"end":{"line":31,"column":4},"skip":true}]},"3":{"line":35,"type":"cond-expr","locations":[{"start":{"line":35,"column":41},"end":{"line":35,"column":54},"skip":true},{"start":{"line":35,"column":57},"end":{"line":35,"column":63},"skip":true}]},"4":{"line":41,"type":"cond-expr","locations":[{"start":{"line":42,"column":2},"end":{"line":42,"column":10}},{"start":{"line":44,"column":2},"end":{"line":48,"column":3},"skip":true}]},"5":{"line":55,"type":"if","locations":[{"start":{"line":55,"column":4},"end":{"line":55,"column":4}},{"start":{"line":55,"column":4},"end":{"line":55,"column":4}}]},"6":{"line":57,"type":"if","locations":[{"start":{"line":57,"column":6},"end":{"line":57,"column":6}},{"start":{"line":57,"column":6},"end":{"line":57,"column":6}}]},"7":{"line":63,"type":"cond-expr","locations":[{"start":{"line":64,"column":2},"end":{"line":64,"column":7}},{"start":{"line":66,"column":2},"end":{"line":73,"column":3},"skip":true}]},"8":{"line":77,"type":"switch","locations":[{"start":{"line":78,"column":4},"end":{"line":78,"column":64}},{"start":{"line":79,"column":4},"end":{"line":84,"column":46}},{"start":{"line":85,"column":4},"end":{"line":98,"column":15}}]},"9":{"line":82,"type":"cond-expr","locations":[{"start":{"line":82,"column":64},"end":{"line":82,"column":69}},{"start":{"line":82,"column":72},"end":{"line":82,"column":75}}]},"10":{"line":82,"type":"binary-expr","locations":[{"start":{"line":82,"column":19},"end":{"line":82,"column":36}},{"start":{"line":82,"column":40},"end":{"line":82,"column":60}}]},"11":{"line":96,"type":"if","locations":[{"start":{"line":96,"column":6},"end":{"line":96,"column":6}},{"start":{"line":96,"column":6},"end":{"line":96,"column":6}}]},"12":{"line":96,"type":"binary-expr","locations":[{"start":{"line":96,"column":10},"end":{"line":96,"column":26}},{"start":{"line":96,"column":31},"end":{"line":96,"column":46}},{"start":{"line":96,"column":50},"end":{"line":96,"column":82}}]}}}}