TN:
SF:/Users/agiammarchi/git/query-result/cjs/index.js
FN:46,(anonymous_1)
FN:66,dispatch
FN:71,off
FN:75,on
FNF:4
FNH:4
FNDA:2,(anonymous_1)
FNDA:2,dispatch
FNDA:4,off
FNDA:4,on
DA:19,1
DA:20,1
DA:22,1
DA:23,2
DA:24,2
DA:25,3
DA:26,3
DA:27,2
DA:28,2
DA:30,1
DA:31,2
DA:33,2
DA:35,1
DA:36,1
DA:38,10
DA:39,2
DA:40,6
DA:44,2
DA:45,2
DA:46,2
DA:47,2
DA:48,2
DA:49,2
DA:51,2
DA:52,2
DA:53,2
DA:54,2
DA:55,1
DA:56,2
DA:60,1
DA:62,3
DA:66,1
DA:67,2
DA:68,2
DA:69,2
DA:72,4
DA:73,4
DA:76,4
DA:77,4
DA:80,1
LF:40
LH:40
BRDA:26,1,0,2
BRDA:26,1,1,1
BRDA:28,2,0,1
BRDA:28,2,1,1
BRDA:38,3,0,2
BRDA:38,3,1,6
BRDA:38,3,2,2
BRDA:41,4,0,5
BRDA:41,4,1,1
BRDA:41,5,0,6
BRDA:41,5,1,3
BRDA:54,6,0,1
BRDA:54,6,1,1
BRDA:54,7,0,2
BRDA:54,7,1,2
BRDA:54,7,2,1
BRF:16
BRH:16
end_of_record
