TN:
SF:/Users/agiammarchi/git/query-result/cjs/index.js
FN:33,(anonymous_1)
FN:76,$
FN:88,(anonymous_3)
FN:105,dispatch
FN:112,off
FN:118,on
FNF:6
FNH:6
FNDA:0,(anonymous_1)
FNDA:10,$
FNDA:2,(anonymous_3)
FNDA:2,dispatch
FNDA:4,off
FNDA:4,on
DA:20,1
DA:21,1
DA:22,1
DA:23,1
DA:24,1
DA:25,1
DA:28,1
DA:29,1
DA:30,1
DA:31,1
DA:32,1
DA:33,1
DA:34,1
DA:35,1
DA:38,1
DA:41,1
DA:42,15
DA:45,1
DA:46,1
DA:47,1
DA:49,1
DA:50,1
DA:51,2
DA:52,2
DA:53,2
DA:54,3
DA:55,3
DA:56,2
DA:57,2
DA:59,1
DA:61,2
DA:63,1
DA:68,1
DA:69,1
DA:70,1
DA:71,1
DA:72,1
DA:76,1
DA:77,10
DA:78,2
DA:81,6
DA:82,6
DA:83,6
DA:84,6
DA:86,2
DA:87,2
DA:88,2
DA:89,2
DA:90,2
DA:91,2
DA:93,2
DA:94,2
DA:95,2
DA:96,2
DA:97,1
DA:98,2
DA:101,1
DA:102,1
DA:103,3
DA:105,1
DA:106,2
DA:107,2
DA:108,2
DA:109,2
DA:110,2
DA:113,4
DA:114,4
DA:115,4
DA:116,4
DA:119,4
DA:120,4
DA:121,4
DA:122,4
DA:125,1
LF:74
LH:74
BRDA:28,1,0,0
BRDA:28,1,1,1
BRDA:31,2,0,0
BRDA:31,2,1,0
BRDA:35,3,0,0
BRDA:35,3,1,0
BRDA:41,4,0,1
BRDA:41,4,1,0
BRDA:55,5,0,2
BRDA:55,5,1,1
BRDA:57,6,0,1
BRDA:57,6,1,1
BRDA:63,7,0,1
BRDA:63,7,1,0
BRDA:77,8,0,2
BRDA:77,8,1,6
BRDA:77,8,2,2
BRDA:82,9,0,5
BRDA:82,9,1,1
BRDA:82,10,0,6
BRDA:82,10,1,3
BRDA:96,11,0,1
BRDA:96,11,1,1
BRDA:96,12,0,2
BRDA:96,12,1,2
BRDA:96,12,2,1
BRF:26
BRH:26
end_of_record
